[    0.000000] Linux version 4.10.0-37-generic (buildd@lgw01-amd64-022) (gcc version 6.3.0 20170406 (Ubuntu 6.3.0-12ubuntu2) ) #41-Ubuntu SMP Fri Oct 6 20:20:00 UTC 2017 (Ubuntu 4.10.0-37.41-generic 4.10.17)
[    0.000000] KERNEL supported cpus:
[    0.000000]   Intel GenuineIntel
[    0.000000]   AMD AuthenticAMD
[    0.000000]   NSC Geode by NSC
[    0.000000]   Cyrix CyrixInstead
[    0.000000]   Centaur CentaurHauls
[    0.000000]   Transmeta GenuineTMx86
[    0.000000]   Transmeta TransmetaCPU
[    0.000000]   UMC UMC UMC UMC
[    0.000000] x86/fpu: Legacy x87 FPU detected.
[    0.000000] e820: BIOS-provided physical RAM map:
[    0.000000] BIOS-e820: [mem 0x0000000000000000-0x000000000009fbff] usable
[    0.000000] BIOS-e820: [mem 0x000000000009fc00-0x000000000009ffff] reserved
[    0.000000] BIOS-e820: [mem 0x00000000000f0000-0x00000000000fffff] reserved
[    0.000000] BIOS-e820: [mem 0x0000000000100000-0x000000007ffeffff] usable
[    0.000000] BIOS-e820: [mem 0x000000007fff0000-0x000000007fffffff] ACPI data
[    0.000000] BIOS-e820: [mem 0x00000000fec00000-0x00000000fec00fff] reserved
[    0.000000] BIOS-e820: [mem 0x00000000fee00000-0x00000000fee00fff] reserved
[    0.000000] BIOS-e820: [mem 0x00000000fffc0000-0x00000000ffffffff] reserved
[    0.000000] NX (Execute Disable) protection: active
[    0.000000] SMBIOS 2.5 present.
[    0.000000] DMI: innotek GmbH VirtualBox/VirtualBox, BIOS VirtualBox 12/01/2006
[    0.000000] Hypervisor detected: KVM
[    0.000000] e820: last_pfn = 0x7fff0 max_arch_pfn = 0x1000000
[    0.000000] MTRR: Disabled
[    0.000000] x86/PAT: MTRRs disabled, skipping PAT initialization too.
[    0.000000] x86/PAT: Configuration [0-7]: WB  WT  UC- UC  WB  WT  UC- UC  
[    0.000000] CPU MTRRs all blank - virtualized system.
[    0.000000] found SMP MP-table at [mem 0x0009fff0-0x0009ffff] mapped at [c009fff0]
[    0.000000] Scanning 1 areas for low memory corruption
[    0.000000] RAMDISK: [mem 0x369cd000-0x374ddfff]
[    0.000000] ACPI: Early table checksum verification disabled
[    0.000000] ACPI: RSDP 0x00000000000E0000 000024 (v02 VBOX  )
[    0.000000] ACPI: XSDT 0x000000007FFF0030 00003C (v01 VBOX   VBOXXSDT 00000001 ASL  00000061)
[    0.000000] ACPI: FACP 0x000000007FFF00F0 0000F4 (v04 VBOX   VBOXFACP 00000001 ASL  00000061)
[    0.000000] ACPI: DSDT 0x000000007FFF0470 0021C8 (v02 VBOX   VBOXBIOS 00000002 INTL 20160831)
[    0.000000] ACPI: FACS 0x000000007FFF0200 000040
[    0.000000] ACPI: FACS 0x000000007FFF0200 000040
[    0.000000] ACPI: APIC 0x000000007FFF0240 00005C (v02 VBOX   VBOXAPIC 00000001 ASL  00000061)
[    0.000000] ACPI: SSDT 0x000000007FFF02A0 0001CC (v01 VBOX   VBOXCPUT 00000002 INTL 20160831)
[    0.000000] 1155MB HIGHMEM available.
[    0.000000] 891MB LOWMEM available.
[    0.000000]   mapped low ram: 0 - 37bfe000
[    0.000000]   low ram: 0 - 37bfe000
[    0.000000] kvm-clock: Using msrs 4b564d01 and 4b564d00
[    0.000000] kvm-clock: cpu 0, msr 0:37bfd001, primary cpu clock
[    0.000000] kvm-clock: using sched offset of 4330293995 cycles
[    0.000000] clocksource: kvm-clock: mask: 0xffffffffffffffff max_cycles: 0x1cd42e4dffb, max_idle_ns: 881590591483 ns
[    0.000000] Zone ranges:
[    0.000000]   DMA      [mem 0x0000000000001000-0x0000000000ffffff]
[    0.000000]   Normal   [mem 0x0000000001000000-0x0000000037bfdfff]
[    0.000000]   HighMem  [mem 0x0000000037bfe000-0x000000007ffeffff]
[    0.000000] Movable zone start for each node
[    0.000000] Early memory node ranges
[    0.000000]   node   0: [mem 0x0000000000001000-0x000000000009efff]
[    0.000000]   node   0: [mem 0x0000000000100000-0x000000007ffeffff]
[    0.000000] Initmem setup node 0 [mem 0x0000000000001000-0x000000007ffeffff]
[    0.000000] Using APIC driver default
[    0.000000] ACPI: PM-Timer IO Port: 0x4008
[    0.000000] IOAPIC[0]: apic_id 2, version 32, address 0xfec00000, GSI 0-23
[    0.000000] ACPI: INT_SRC_OVR (bus 0 bus_irq 0 global_irq 2 dfl dfl)
[    0.000000] ACPI: INT_SRC_OVR (bus 0 bus_irq 9 global_irq 9 high level)
[    0.000000] Using ACPI (MADT) for SMP configuration information
[    0.000000] smpboot: Allowing 2 CPUs, 0 hotplug CPUs
[    0.000000] PM: Registered nosave memory: [mem 0x00000000-0x00000fff]
[    0.000000] PM: Registered nosave memory: [mem 0x0009f000-0x0009ffff]
[    0.000000] PM: Registered nosave memory: [mem 0x000a0000-0x000effff]
[    0.000000] PM: Registered nosave memory: [mem 0x000f0000-0x000fffff]
[    0.000000] e820: [mem 0x80000000-0xfebfffff] available for PCI devices
[    0.000000] Booting paravirtualized kernel on KVM
[    0.000000] clocksource: refined-jiffies: mask: 0xffffffff max_cycles: 0xffffffff, max_idle_ns: 7645519600211568 ns
[    0.000000] setup_percpu: NR_CPUS:8 nr_cpumask_bits:8 nr_cpu_ids:2 nr_node_ids:1
[    0.000000] percpu: Embedded 21 pages/cpu @f76d0000 s55052 r0 d30964 u86016
[    0.000000] PV qspinlock hash table entries: 512 (order: 0, 4096 bytes)
[    0.000000] Built 1 zonelists in Zone order, mobility grouping on.  Total pages: 521944
[    0.000000] Kernel command line: BOOT_IMAGE=/boot/vmlinuz-4.10.0-37-generic root=LABEL=cloudimg-rootfs ro console=tty1 console=ttyS0
[    0.000000] PID hash table entries: 4096 (order: 2, 16384 bytes)
[    0.000000] Dentry cache hash table entries: 131072 (order: 7, 524288 bytes)
[    0.000000] Inode-cache hash table entries: 65536 (order: 6, 262144 bytes)
[    0.000000] Initializing CPU#0
[    0.000000] Initializing HighMem for node 0 (00037bfe:0007fff0)
[    0.000000] Initializing Movable for node 0 (00000000:00000000)
[    0.000000] Memory: 2048472K/2096696K available (8458K kernel code, 870K rwdata, 3200K rodata, 1008K init, 916K bss, 48224K reserved, 0K cma-reserved, 1183688K highmem)
[    0.000000] virtual kernel memory layout:
[    0.000000]     fixmap  : 0xfff15000 - 0xfffff000   ( 936 kB)
[    0.000000]     pkmap   : 0xffc00000 - 0xffe00000   (2048 kB)
[    0.000000]     vmalloc : 0xf83fe000 - 0xffbfe000   ( 120 MB)
[    0.000000]     lowmem  : 0xc0000000 - 0xf7bfe000   ( 891 MB)
[    0.000000]       .init : 0xd9c40000 - 0xd9d3c000   (1008 kB)
[    0.000000]       .data : 0xd984291f - 0xd9c3e8c0   (4079 kB)
[    0.000000]       .text : 0xd9000000 - 0xd984291f   (8458 kB)
[    0.000000] Checking if this processor honours the WP bit even in supervisor mode...Ok.
[    0.000000] SLUB: HWalign=64, Order=0-3, MinObjects=0, CPUs=2, Nodes=1
[    0.000000] Hierarchical RCU implementation.
[    0.000000] 	Build-time adjustment of leaf fanout to 32.
[    0.000000] 	RCU restricting CPUs from NR_CPUS=8 to nr_cpu_ids=2.
[    0.000000] RCU: Adjusting geometry for rcu_fanout_leaf=32, nr_cpu_ids=2
[    0.000000] NR_IRQS:2304 nr_irqs:440 16
[    0.000000] Console: colour VGA+ 80x25
[    0.000000] console [tty1] enabled
[    0.000000] console [ttyS0] enabled
[    0.000000] allocated 2097152 bytes of page_ext
[    0.000000] tsc: Detected 2259.520 MHz processor
[    0.870164] Calibrating delay loop (skipped) preset value.. 4519.04 BogoMIPS (lpj=9038080)
[    0.875062] pid_max: default: 32768 minimum: 301
[    0.877827] ACPI: Core revision 20160930
[    0.881925] ACPI: 2 ACPI AML tables successfully acquired and loaded
[    0.885437] Security Framework initialized
[    0.888000] Yama: becoming mindful.
[    0.890250] AppArmor: AppArmor initialized
[    0.892761] Mount-cache hash table entries: 2048 (order: 1, 8192 bytes)
[    0.896354] Mountpoint-cache hash table entries: 2048 (order: 1, 8192 bytes)
[    0.900509] CPU: Physical Processor ID: 0
[    0.903118] CPU: Processor Core ID: 0
[    0.905425] mce: CPU supports 0 MCE banks
[    0.908560] Last level iTLB entries: 4KB 128, 2MB 4, 4MB 4
[    0.998767] Last level dTLB entries: 4KB 256, 2MB 0, 4MB 32, 1GB 0
[    1.092022] Freeing SMP alternatives memory: 32K
[    1.160359] ftrace: allocating 33262 entries in 65 pages
[    1.257976] smpboot: Max logical packages: 1
[    1.325103] Enabling APIC mode:  Flat.  Using 1 I/O APICs
[    1.391924] ..TIMER: vector=0x30 apic1=0 pin1=2 apic2=-1 pin2=-1
[    1.566317] smpboot: CPU0: Intel(R) Core(TM)2 Duo CPU     P8400  @ 2.26GHz (family: 0x6, model: 0x17, stepping: 0x6)
[    1.637685] Performance Events: unsupported p6 CPU model 23 no PMU driver, software events only.
[    1.665279] KVM setup paravirtual spinlock
[    1.678957] smp: Bringing up secondary CPUs ...
[    1.762933] x86: Booting SMP configuration:
[    1.788410] .... node  #0, CPUs:      #1
[1266874885.379257] Initializing CPU#1
[    1.794819] kvm-clock: cpu 1, msr 0:37bfd041, secondary cpu clock
[    1.797335] mce: CPU supports 0 MCE banks
[    1.800994] smp: Brought up 1 node, 2 CPUs
[    1.809408] smpboot: Total of 2 processors activated (9038.08 BogoMIPS)
[    1.817041] devtmpfs: initialized
[    1.820361] evm: security.selinux
[    1.823143] evm: security.SMACK64
[    1.833805] evm: security.SMACK64EXEC
[    1.847833] evm: security.SMACK64TRANSMUTE
[    1.850837] evm: security.SMACK64MMAP
[    1.854197] evm: security.ima
[    1.862776] evm: security.capability
[    1.874365] clocksource: jiffies: mask: 0xffffffff max_cycles: 0xffffffff, max_idle_ns: 7645041785100000 ns
[    1.914217] futex hash table entries: 512 (order: 3, 32768 bytes)
[    1.940687] pinctrl core: initialized pinctrl subsystem
[    1.972751] RTC time: 19:16:00, date: 10/17/17
[    1.989238] NET: Registered protocol family 16
[    2.008929] EISA bus registered
[    2.024208] cpuidle: using governor ladder
[    2.050157] cpuidle: using governor menu
[    2.071204] PCCT header not found.
[    2.080012] ACPI: bus type PCI registered
[    2.097193] acpiphp: ACPI Hot Plug PCI Controller Driver version: 0.5
[    2.105673] PCI : PCI BIOS area is rw and x. Use pci=nobios if you want it NX.
[    2.122013] PCI: PCI BIOS revision 2.10 entry at 0xfda26, last bus=0
[    2.129380] PCI: Using configuration type 1 for base access
[    2.144755] HugeTLB registered 2 MB page size, pre-allocated 0 pages
[    2.158893] ACPI: Added _OSI(Module Device)
[    2.163314] ACPI: Added _OSI(Processor Device)
[    2.165367] ACPI: Added _OSI(3.0 _SCP Extensions)
[    2.167506] ACPI: Added _OSI(Processor Aggregator Device)
[    2.178477] ACPI: Executed 1 blocks of module-level executable AML code
[    2.204632] ACPI: Interpreter enabled
[    2.227582] ACPI: (supports S0 S5)
[    2.245965] ACPI: Using IOAPIC for interrupt routing
[    2.266017] PCI: Using host bridge windows from ACPI; if necessary, use "pci=nocrs" and report a bug
[    2.296900] ACPI: PCI Root Bridge [PCI0] (domain 0000 [bus 00-ff])
[    2.312225] acpi PNP0A03:00: _OSC: OS supports [ASPM ClockPM Segments MSI]
[    2.315050] acpi PNP0A03:00: _OSC failed (AE_NOT_FOUND); disabling ASPM
[    2.366464] acpi PNP0A03:00: fail to add MMCONFIG information, can't access extended PCI configuration space under this bridge.
[    2.454497] PCI host bridge to bus 0000:00
[    2.492254] pci_bus 0000:00: root bus resource [io  0x0000-0x0cf7 window]
[    2.527941] pci_bus 0000:00: root bus resource [io  0x0d00-0xffff window]
[    2.533793] pci_bus 0000:00: root bus resource [mem 0x000a0000-0x000bffff window]
[    2.605945] pci_bus 0000:00: root bus resource [mem 0x80000000-0xffdfffff window]
[    2.649232] pci_bus 0000:00: root bus resource [bus 00-ff]
[    2.683187] pci 0000:00:01.1: legacy IDE quirk: reg 0x10: [io  0x01f0-0x01f7]
[    2.694919] pci 0000:00:01.1: legacy IDE quirk: reg 0x14: [io  0x03f6]
[    2.697677] pci 0000:00:01.1: legacy IDE quirk: reg 0x18: [io  0x0170-0x0177]
[    2.766284] pci 0000:00:01.1: legacy IDE quirk: reg 0x1c: [io  0x0376]
[    2.902268] pci 0000:00:07.0: quirk: [io  0x4000-0x403f] claimed by PIIX4 ACPI
[    3.019244] pci 0000:00:07.0: quirk: [io  0x4100-0x410f] claimed by PIIX4 SMB
[    3.066731] ACPI: PCI Interrupt Link [LNKA] (IRQs 5 9 10 *11)
[    3.076556] ACPI: PCI Interrupt Link [LNKB] (IRQs 5 9 10 *11)
[    3.083903] ACPI: PCI Interrupt Link [LNKC] (IRQs 5 9 *10 11)
[    3.088665] ACPI: PCI Interrupt Link [LNKD] (IRQs 5 *9 10 11)
[    3.091507] ACPI: Enabled 2 GPEs in block 00 to 07
[    3.097375] SCSI subsystem initialized
[    3.102420] pci 0000:00:02.0: vgaarb: setting as boot VGA device
[    3.109386] pci 0000:00:02.0: vgaarb: VGA device added: decodes=io+mem,owns=io+mem,locks=none
[    3.116919] pci 0000:00:02.0: vgaarb: bridge control possible
[    3.120396] vgaarb: loaded
[    3.136223] ACPI: bus type USB registered
[    3.187806] usbcore: registered new interface driver usbfs
[    3.218685] usbcore: registered new interface driver hub
[    3.256024] usbcore: registered new device driver usb
[    3.274724] PCI: Using ACPI for IRQ routing
[    3.281066] NetLabel: Initializing
[    3.296919] NetLabel:  domain hash size = 128
[    3.321002] NetLabel:  protocols = UNLABELED CIPSOv4 CALIPSO
[    3.357318] NetLabel:  unlabeled traffic allowed by default
[    3.386867] clocksource: Switched to clocksource kvm-clock
[    3.421175] VFS: Disk quotas dquot_6.6.0
[    3.458768] VFS: Dquot-cache hash table entries: 1024 (order 0, 4096 bytes)
[    3.501749] AppArmor: AppArmor Filesystem Enabled
[    3.592622] pnp: PnP ACPI init
[    3.656624] pnp: PnP ACPI: found 3 devices
[    3.723374] PnPBIOS: Disabled by ACPI PNP
[    3.863953] clocksource: acpi_pm: mask: 0xffffff max_cycles: 0xffffff, max_idle_ns: 2085701024 ns
[    3.881328] NET: Registered protocol family 2
[    3.884238] TCP established hash table entries: 8192 (order: 3, 32768 bytes)
[    3.888694] TCP bind hash table entries: 8192 (order: 4, 65536 bytes)
[    3.891569] TCP: Hash tables configured (established 8192 bind 8192)
[    3.894386] UDP hash table entries: 512 (order: 2, 16384 bytes)
[    3.937578] UDP-Lite hash table entries: 512 (order: 2, 16384 bytes)
[    3.973649] NET: Registered protocol family 1
[    4.068481] pci 0000:00:00.0: Limiting direct PCI/PCI transfers
[    4.139996] pci 0000:00:01.0: Activating ISA DMA hang workarounds
[    4.262446] pci 0000:00:02.0: Video device with shadowed ROM at [mem 0x000c0000-0x000dffff]
[    4.435584] Unpacking initramfs...
[    7.862551] Freeing initrd memory: 11332K
[    7.941701] platform rtc_cmos: registered platform RTC device (no PNP device found)
[    8.019184] Scanning for low memory corruption every 60 seconds
[    8.042816] audit: initializing netlink subsys (disabled)
[    8.045614] audit: type=2000 audit(1508267769.739:1): initialized
[    8.046060] Initialise system trusted keyrings
[    8.046263] workingset: timestamp_bits=14 max_order=19 bucket_order=5
[    8.049544] zbud: loaded
[    8.050319] squashfs: version 4.0 (2009/01/31) Phillip Lougher
[    8.050672] fuse init (API version 7.26)
[    8.052799] Key type asymmetric registered
[    8.052814] Asymmetric key parser 'x509' registered
[    8.052835] bounce: pool size: 64 pages
[    8.052885] Block layer SCSI generic (bsg) driver version 0.4 loaded (major 248)
[    8.052980] io scheduler noop registered
[    8.052981] io scheduler deadline registered
[    8.053100] io scheduler cfq registered (default)
[    8.087821] ACPI: AC Adapter [AC] (on-line)
[    8.141888] input: Power Button as /devices/LNXSYSTM:00/LNXPWRBN:00/input/input0
[    8.214010] ACPI: Power Button [PWRF]
[    8.265784] input: Sleep Button as /devices/LNXSYSTM:00/LNXSLPBN:00/input/input1
[    8.312790] ACPI: Sleep Button [SLPF]
[    8.323012] GHES: HEST is not enabled!
[    8.323167] ACPI: Battery Slot [BAT0] (battery present)
[    8.328636] isapnp: Scanning for PnP cards...
[    8.357992] Serial: 8250/16550 driver, 32 ports, IRQ sharing enabled
[    8.385294] 00:02: ttyS0 at I/O 0x3f8 (irq = 4, base_baud = 115200) is a 16550A
[    8.394816] Linux agpgart interface v0.103
[    8.404718] loop: module loaded
[    8.408214] scsi host0: ata_piix
[    8.410786] scsi host1: ata_piix
[    8.413795] ata1: PATA max UDMA/33 cmd 0x1f0 ctl 0x3f6 bmdma 0xd000 irq 14
[    8.417946] ata2: PATA max UDMA/33 cmd 0x170 ctl 0x376 bmdma 0xd008 irq 15
[    8.422631] libphy: Fixed MDIO Bus: probed
[    8.425394] tun: Universal TUN/TAP device driver, 1.6
[    8.428603] tun: (C) 1999-2004 Max Krasnyansky <maxk@qualcomm.com>
[    8.432377] PPP generic driver version 2.4.2
[    8.435254] ehci_hcd: USB 2.0 'Enhanced' Host Controller (EHCI) Driver
[    8.439208] ehci-pci: EHCI PCI platform driver
[    8.442145] ehci-platform: EHCI generic platform driver
[    8.445485] ohci_hcd: USB 1.1 'Open' Host Controller (OHCI) Driver
[    8.449280] ohci-pci: OHCI PCI platform driver
[    8.452269] ohci-platform: OHCI generic platform driver
[    8.455542] uhci_hcd: USB Universal Host Controller Interface driver
[    8.459548] i8042: PNP: PS/2 Controller [PNP0303:PS2K,PNP0f03:PS2M] at 0x60,0x64 irq 1,12
[    8.466008] serio: i8042 KBD port at 0x60,0x64 irq 1
[    8.469217] serio: i8042 AUX port at 0x60,0x64 irq 12
[    8.472801] mousedev: PS/2 mouse device common for all mice
[    8.477271] input: AT Translated Set 2 keyboard as /devices/platform/i8042/serio0/input/input2
[    8.483005] rtc_cmos rtc_cmos: rtc core: registered rtc_cmos as rtc0
[    8.487079] rtc_cmos rtc_cmos: alarms up to one day, 114 bytes nvram
[    8.491024] i2c /dev entries driver
[    8.493987] device-mapper: uevent: version 1.0.3
[    8.497188] device-mapper: ioctl: 4.35.0-ioctl (2016-06-23) initialised: dm-devel@redhat.com
[    8.502785] platform eisa.0: Probing EISA bus 0
[    8.505778] platform eisa.0: EISA: Cannot allocate resource for mainboard
[    8.509856] platform eisa.0: Cannot allocate resource for EISA slot 1
[    8.513737] platform eisa.0: Cannot allocate resource for EISA slot 2
[    8.517612] platform eisa.0: Cannot allocate resource for EISA slot 3
[    8.521547] platform eisa.0: Cannot allocate resource for EISA slot 4
[    8.534652] platform eisa.0: Cannot allocate resource for EISA slot 5
[    8.538879] platform eisa.0: Cannot allocate resource for EISA slot 6
[    8.542910] platform eisa.0: Cannot allocate resource for EISA slot 7
[    8.548030] platform eisa.0: Cannot allocate resource for EISA slot 8
[    8.551948] platform eisa.0: EISA: Detected 0 cards
[    8.555181] cpufreq_nforce2: No nForce2 chipset
[    8.591534] ledtrig-cpu: registered to indicate activity on CPUs
[    8.599722] NET: Registered protocol family 10
[    8.701708] Segment Routing with IPv6
[    8.709231] NET: Registered protocol family 17
[    8.715141] Key type dns_resolver registered
[    8.789849] isapnp: No Plug & Play device found
[    8.858330] Using IPI No-Shortcut mode
[    8.872418] registered taskstats version 1
[    8.883897] Loading compiled-in X.509 certificates
[    8.941499] Loaded X.509 cert 'Build time autogenerated kernel key: aa5e5f4cc388ff159c9ed980d7619f3fafacb0f8'
[    8.970931] tsc: Refined TSC clocksource calibration: 2261.094 MHz
[    8.970956] clocksource: tsc: mask: 0xffffffffffffffff max_cycles: 0x2097a407f9e, max_idle_ns: 440795208139 ns
[    9.031206] zswap: loaded using pool lzo/zbud
[    9.092178] Key type big_key registered
[    9.108796] Key type trusted registered
[    9.161006] Key type encrypted registered
[    9.180354] AppArmor: AppArmor sha1 policy hashing enabled
[    9.197937] ima: No TPM chip found, activating TPM-bypass! (rc=-19)
[    9.217865] evm: HMAC attrs: 0x1
[    9.228843]   Magic number: 5:39:294
[    9.259763] ata_device dev2.0: hash matches
[    9.278971]  dev2.0: hash matches
[    9.293305] misc hpet: hash matches
[    9.308207] tty tty27: hash matches
[    9.320410] rtc_cmos rtc_cmos: setting system clock to 2017-10-17 19:16:07 UTC (1508267767)
[    9.358807] BIOS EDD facility v0.16 2004-Jun-25, 0 devices found
[    9.381246] EDD information not available.
[    9.401051] Freeing unused kernel memory: 1008K
[    9.426706] Write protecting the kernel text: 8460k
[    9.456506] Write protecting the kernel read-only data: 3208k
[    9.486772] NX-protecting the kernel data: 5876k
[    9.517017] ------------[ cut here ]------------
[    9.544450] WARNING: CPU: 0 PID: 1 at /build/linux-iQyJHI/linux-4.10.0/arch/x86/mm/dump_pagetables.c:226 note_page+0x6a1/0x880
[    9.602733] x86/mm: Found insecure W+X mapping at address c00a0000/0xc00a0000
[    9.644677] Modules linked in:
[    9.648995] CPU: 0 PID: 1 Comm: swapper/0 Not tainted 4.10.0-37-generic #41-Ubuntu
[    9.677369] Hardware name: innotek GmbH VirtualBox/VirtualBox, BIOS VirtualBox 12/01/2006
[    9.706691] Call Trace:
[    9.708917]  dump_stack+0x58/0x73
[    9.711701]  __warn+0xea/0x110
[    9.714259]  ? note_page+0x6a1/0x880
[    9.716817]  warn_slowpath_fmt+0x46/0x60
[    9.719940]  note_page+0x6a1/0x880
[    9.722432]  ptdump_walk_pgd_level_core+0x1f5/0x2f0
[    9.725667]  ptdump_walk_pgd_level_checkwx+0x16/0x20
[    9.729092]  mark_rodata_ro+0xfd/0x130
[    9.731820]  ? rest_init+0x70/0x70
[    9.734391]  kernel_init+0x2c/0x100
[    9.737161]  ? schedule_tail+0x11/0x50
[    9.739853]  ? rest_init+0x70/0x70
[    9.742700]  ret_from_fork+0x21/0x2c
[    9.745823] ---[ end trace c69c9724cbba6d19 ]---
[    9.749244] x86/mm: Checked W+X mappings: FAILED, 96 W+X pages found.
Loading, please wait...
starting version 232
[   10.274230] random: systemd-udevd: uninitialized urandom read (16 bytes read)
[   10.305884] random: udevadm: uninitialized urandom read (16 bytes read)
[   10.307969] random: udevadm: uninitialized urandom read (16 bytes read)
[   10.312468] random: udevadm: uninitialized urandom read (16 bytes read)
[   10.313026] random: udevadm: uninitialized urandom read (16 bytes read)
[   10.315118] random: udevadm: uninitialized urandom read (16 bytes read)
[   10.315450] random: udevadm: uninitialized urandom read (16 bytes read)
[   10.315776] random: udevadm: uninitialized urandom read (16 bytes read)
[   10.316370] random: udevadm: uninitialized urandom read (16 bytes read)
[   10.316706] random: udevadm: uninitialized urandom read (16 bytes read)
[   11.016524] e1000: Intel(R) PRO/1000 Network Driver - version 7.3.21-k8-NAPI
[   11.024570] e1000: Copyright (c) 1999-2006 Intel Corporation.
[   11.095813] Fusion MPT base driver 3.04.20
[   11.139831] Copyright (c) 1999-2008 LSI Corporation
[   11.433449] input: ImExPS/2 Generic Explorer Mouse as /devices/platform/i8042/serio1/input/input4
[   11.497437] Fusion MPT SPI Host driver 3.04.20
[   11.977173] e1000 0000:00:03.0 eth0: (PCI:33MHz:32-bit) 02:51:27:9b:1e:91
[   11.991363] e1000 0000:00:03.0 eth0: Intel(R) PRO/1000 Network Connection
[   12.026667] e1000 0000:00:03.0 enp0s3: renamed from eth0
[   12.036476] mptbase: ioc0: Initiating bringup
[   12.151651] ioc0: LSI53C1030 A0: Capabilities={Initiator}
[   12.531036] scsi host2: ioc0: LSI53C1030 A0, FwRev=00000000h, Ports=1, MaxQ=256, IRQ=20
[   12.705047] scsi 2:0:0:0: Direct-Access     VBOX     HARDDISK         1.0  PQ: 0 ANSI: 5
[   12.713254] scsi target2:0:0: Beginning Domain Validation
[   12.720883] scsi target2:0:0: Domain Validation skipping write tests
[   12.725092] scsi target2:0:0: Ending Domain Validation
[   12.728492] scsi target2:0:0: asynchronous
[   12.752007] scsi 2:0:1:0: Direct-Access     VBOX     HARDDISK         1.0  PQ: 0 ANSI: 5
[   12.761020] scsi target2:0:1: Beginning Domain Validation
[   12.766129] scsi target2:0:1: Domain Validation skipping write tests
[   12.770067] scsi target2:0:1: Ending Domain Validation
[   12.773465] scsi target2:0:1: asynchronous
[   12.799159] random: fast init done
[   12.864154] sd 2:0:0:0: Attached scsi generic sg0 type 0
[   12.920626] sd 2:0:0:0: [sda] 20971520 512-byte logical blocks: (10.7 GB/10.0 GiB)
[   12.926549] sd 2:0:0:0: [sda] Write Protect is off
[   12.926781] sd 2:0:1:0: [sdb] 20480 512-byte logical blocks: (10.5 MB/10.0 MiB)
[   12.926819] sd 2:0:1:0: Attached scsi generic sg1 type 0
[   12.926874] sd 2:0:1:0: [sdb] Write Protect is off
[   12.927089] sd 2:0:1:0: [sdb] Incomplete mode parameter data
[   12.927091] sd 2:0:1:0: [sdb] Assuming drive cache: write through
[   12.951366] sd 2:0:0:0: [sda] Incomplete mode parameter data
[   12.955045] sd 2:0:0:0: [sda] Assuming drive cache: write through
[   12.974416]  sda: sda1
[   12.979714] sd 2:0:1:0: [sdb] Attached SCSI disk
[   12.988699] sd 2:0:0:0: [sda] Attached SCSI disk
[   14.381738] floppy0: no floppy controllers found
Begin: Loading essential drivers ... [   18.020314] raid6: mmxx1    gen()  2112 MB/s
[   18.097177] raid6: mmxx2    gen()  2579 MB/s
[   18.163098] raid6: sse1x1   gen()  1785 MB/s
[   18.221647] raid6: sse1x2   gen()  2306 MB/s
[   18.270998] raid6: sse2x1   gen()  2665 MB/s
[   18.322961] raid6: sse2x1   xor()  3040 MB/s
[   18.422755] raid6: sse2x2   gen()  3402 MB/s
[   18.532787] raid6: sse2x2   xor()  5302 MB/s
[   18.596027] raid6: using algorithm sse2x2 gen() 3402 MB/s
[   18.680212] raid6: .... xor() 5302 MB/s, rmw enabled
[   18.694218] raid6: using ssse3x1 recovery algorithm
[   18.775173] xor: measuring software checksum speed
[   18.918961]    pIII_sse  : 23217.000 MB/sec
[   19.075008]    prefetch64-sse: 15775.000 MB/sec
[   19.144601] xor: using function: pIII_sse (23217.000 MB/sec)
[   19.172317] async_tx: api initialized (async)
done.
Begin: Running /scripts/init-premount ... done.
Begin: Mounting root file system ... Begin: Running /scripts/local-top ... done.
Begin: Running /scripts/local-premount ... [   19.934396] Btrfs loaded, crc32c=crc32c-generic
Scanning for Btrfs filesystems
done.
Warning: fsck not present, so skipping root file system
[   20.702044] EXT4-fs (sda1): INFO: recovery required on readonly filesystem
[   20.711710] EXT4-fs (sda1): write access will be enabled during recovery
[   20.872278] EXT4-fs (sda1): recovery complete
[   20.876948] EXT4-fs (sda1): mounted filesystem with ordered data mode. Opts: (null)
done.
Begin: Running /scripts/local-bottom ... done.
Begin: Running /scripts/init-bottom ... /scripts/init-bottom/plymouth: line 18: /bin/plymouth: not found
done.
[   22.604492] random: crng init done
[   22.878260] ip_tables: (C) 2000-2006 Netfilter Core Team
[   23.013748] systemd[1]: systemd 232 running in system mode. (+PAM +AUDIT +SELINUX +IMA +APPARMOR +SMACK +SYSVINIT +UTMP +LIBCRYPTSETUP +GCRYPT +GNUTLS +ACL +XZ +LZ4 +SECCOMP +BLKID +ELFUTILS +KMOD +IDN)
[   23.024805] systemd[1]: Detected virtualization oracle.
[   23.028219] systemd[1]: Detected architecture x86.

Welcome to [1mUbuntu 17.04[0m!

[   23.069661] systemd[1]: Set hostname to <ubuntu-zesty>.
[   26.073379] systemd[1]: Listening on Syslog Socket.
[[0;32m  OK  [0m] Listening on Syslog Socket.
[   26.251862] systemd[1]: Created slice System Slice.
[[0;32m  OK  [0m] Created slice System Slice.
[   26.309024] systemd[1]: Mounting Debug File System...
         Mounting Debug File System...
[   26.348623] systemd[1]: Listening on udev Kernel Socket.
[[0;32m  OK  [0m] Listening on udev Kernel Socket.
[   26.382499] systemd[1]: Reached target User and Group Name Lookups.
[[0;32m  OK  [0m] Reached target User and Group Name Lookups.
[   26.404450] systemd[1]: Reached target Swap.
[[0;32m  OK  [0m] Reached target Swap.
[[0;32m  OK  [0m] Listening on Journal Audit Socket.
[[0;32m  OK  [0m] Started Forward Password Requests to Wall Directory Watch.
[[0;32m  OK  [0m] Listening on udev Control Socket.
[[0;32m  OK  [0m] Listening on LVM2 poll daemon socket.
[[0;32m  OK  [0m] Listening on Journal Socket (/dev/log).
[[0;32m  OK  [0m] Set up automount Arbitrary Executab…rmats File System Automount Point.
[[0;32m  OK  [0m] Created slice User and Session Slice.
[[0;32m  OK  [0m] Reached target Slices.
[[0;32m  OK  [0m] Listening on LVM2 metadata daemon socket.
[[0;32m  OK  [0m] Listening on Device-mapper event daemon FIFOs.
[[0;32m  OK  [0m] Listening on Journal Socket.
         Starting Uncomplicated firewall...
         Starting Monitoring of LVM2 mirrors…ng dmeventd or progress polling...
         Starting Create list of required st…ce nodes for the current kernel...
         Starting Nameserver information manager...
         Starting Load Kernel Modules...
         Starting Set the console keyboard layout...
         Starting Remount Root and Kernel File Systems...
         Starting Journal Service...
[[0;32m  OK  [0m] Created slice system-serial\x2dgetty.slice.
         Mounting Huge Pages File System...
[[0;32m  OK  [0m] Listening on /dev/initctl Compatibility Named Pipe.
         Mounting POSIX Message Queue File System...
[[0;32m  OK  [0m] Mounted Debug File System.
[[0;32m  OK  [0m] Started Uncomplicated firewall.
[[0;32m  OK  [0[   27.381843] Loading iSCSI transport class v2.0-870.
m] Started Create list of required sta…vice nodes for the current kernel.
[[0;32m  OK  [0m] Mounted Huge Pages File System.
[[0;32m  OK  [0m] Mounted POSIX Message Queue File System.
[   27.609121] iscsi: registered transport (tcp)
[   27.769018] EXT4-fs (sda1): re-mounted. Opts: (null)
[[0;32m  OK  [0m] Started Remount Root and Kernel File Systems.
[[0;32m  OK  [0m] Started Nameserver information manager.
[   28.080430] systemd[1]: Started Journal Service.
[[0;32m  OK  [0m] Started Journal Service.
         Starting Flush Journal to Persis[   28.211201] iscsi: registered transport (iser)
tent Storage...
         Starting udev Coldplug all Devices...
         Starting Initial cloud-init job (pre-networking)...
         Starting Load/Save Random Seed...
[[0;32m  OK  [0m] Started LVM2 metadata daemon.
         Starting Create Static Device Nodes in /dev...
[[0;32m  OK  [0m] Started Load Kernel Modules.
[   28.783093] systemd-journald[396]: Received request to flush runtime journal from PID 1
         Starting Apply Kernel Variables...
         Mounting FUSE Control File System...
         Mounting Configuration File System...
[[0;32m  OK  [0m] Started Flush Journal to Persistent Storage.
[[0;32m  OK  [0m] Started Load/Save Random Seed.
[[0;32m  OK  [0m] Mounted FUSE Control File System.
[[0;32m  OK  [0m] Mounted Configuration File System.
[[0;32m  OK  [0m] Started Create Static Device Nodes in /dev.
         Starting udev Kernel Device Manager...
[[0;32m  OK  [0m] Started udev Coldplug all Devices.
[[0;32m  OK  [0m] Started Apply Kernel Variables.
[[0;32m  OK  [0m] Started Monitoring of LVM2 mirrors,…sing dmeventd or progress polling.
[[0;32m  OK  [0m] Started udev Kernel Device Manager.
[[0;32m  OK  [0m] Started Set the console keyboard layout.
[[0;32m  OK  [0m] Started Dispatch Password Requests to Console Directory Watch.
[[0;32m  OK  [0m] Reached target Encrypted Volumes.
[[0;32m  OK  [0m] Reached target Local File Systems (Pre).
[[0;32m  OK  [0m] Reached target Local File Systems.
         Starting Set console font and keymap...
         Starting AppArmor initialization...
         Starting ebtables ruleset management...
         Starting Tell Plymouth To Write Out Runtime Data...
         Starting Create Volatile Files and Directories...
[[0;32m  OK  [0m] Started Tell Plymouth To Write Out Runtime Data.
[[0;32m  OK  [0m] Started Set console font and keymap.
[[0;32m  OK  [0m] Started Create Volatile Files and Directories.
[[0;32m  OK  [0m] Reached target System Time Synchronized.
         Starting Update UTMP about System Boot/Shutdown...
[[0;32m  OK  [0m] Started Update UTMP about System Boot/Shutdown.
[[0;32m  OK  [0m] Started ebtables ruleset management.
[[0;32m  OK  [0m] Found device /dev/ttyS0.
[[0;32m  OK  [0m] Started AppArmor initialization.
[[0;32m  OK  [0m] Listening on Load/Save RF Kill Switch Status /dev/rfkill Watch.
[[0;32m  OK  [0m] Found device 82540EM Gigabit Ethern…ler (PRO/1000 MT Desktop Adapter).
[   40.106323] cloud-init[426]: Cloud-init v. 0.7.9 running 'init-local' at Tue, 17 Oct 2017 19:16:37 +0000. Up 36.81 seconds.
[[0;32m  OK  [0m] Started Initial cloud-init job (pre-networking).
[[0;32m  OK  [0m] Reached target Network (Pre).
         Starting Raise network interfaces...
[[0;32m  OK  [0m] Started ifup for enp0s3.
[[0;32m  OK  [0m] Started Raise network interfaces.
         Starting Initial cloud-init job (metadata service crawler)...
[[0;32m  OK  [0m] Reached target Network.
[   60.895875] cloud-init[1015]: Cloud-init v. 0.7.9 running 'init' at Tue, 17 Oct 2017 19:16:55 +0000. Up 54.35 seconds.
[   60.913310] cloud-init[1015]: ci-info: +++++++++++++++++++++++++++++Net device info++++++++++++++++++++++++++++++
[   60.929809] cloud-init[1015]: ci-info: +---------+------+-----------+---------------+-------+-------------------+
[   60.983715] cloud-init[1015]: ci-info: |  Device |  Up  |  Address  |      Mask     | Scope |     Hw-Address    |
[   61.006998] cloud-init[1015]: ci-info: +---------+------+-----------+---------------+-------+-------------------+
[   61.037267] cloud-init[1015]: ci-info: |   lo:   | True | 127.0.0.1 |   255.0.0.0   |   .   |         .         |
[   61.177413] cloud-init[1015]: ci-info: |   lo:   | True |     .     |       .       |   d   |         .         |
[   61.334116] cloud-init[1015]: ci-info: | enp0s3: | True | 10.0.2.15 | 255.255.255.0 |   .   | 02:51:27:9b:1e:91 |
[   61.509429] [[0;32m  OK  [0m] Started Initial cloud-init job (metadata service crawler).cloud-init[1015]: ci-info: | enp0s3: | True |     .     |       .       |   d   | 02:51:27:9b:1e:91 |
[   61.521999] cloud-init[1015]: ci-info: +---------+------+-----------+---------------+-------+-------------------+
[   61.522574] cloud-init[1015]: ci-info: +++++++++++++++++++++++++++Route IPv4 info++++++++++++++++++++++++++++
[   61.522836] cloud-init[1015]: ci-info: +-------+-------------+----------+---------------+-----------+-------+
[   61.523090] cloud-init[1015]: ci-info: | Route | Destination | Gateway  |    Genmask    | Interface | Flags |
[   61.523354] cloud-init[1015]: ci-info: +-------+-------------+----------+---------------+-----------+-------+
[   61.523609] cloud-init[1015]: ci-info: |   0   |   0.0.0.0   | 10.0.2.2 |    0.0.0.0    |   enp0s3  |   UG  |
[   61.523861] cloud-init[1015]: ci-info: |   1   |   10.0.2.0  | 0.0.0.0  | 255.255.255.0 |   enp0s3  |   U   |
[   61.524343] cloud-init[1015]: ci-info: +-------+-------------+----------+---------------+-----------+-------+

[[0;32m  OK  [0m] Reached target Cloud-config availability.
[[0;32m  OK  [0m] Reached target System Initialization.
[[0;32m  OK  [0m] Started ACPI Events Check.
[[0;32m  OK  [0m] Reached target Paths.
[[0;32m  OK  [0m] Started Message of the Day.
[[0;32m  OK  [0m] Started Timer to automatically fetch and run repair assertions.
[[0;32m  OK  [0m] Started Timer to automatically refresh installed snaps.
[[0;32m  OK  [0m] Listening on UUID daemon activation socket.
         Starting Socket activation for snappy daemon.
[[0;32m  OK  [0m] Listening on D-Bus System Message Bus Socket.
[[0;32m  OK  [0m] Started Daily Cleanup of Temporary Directories.
[[0;32m  OK  [0m] Listening on ACPID Listen Socket.
         Starting LXD - unix socket.
[[0;32m  OK  [0m] Listening on Socket activation for snappy daemon.
[[0;32m  OK  [0m] Listening on LXD - unix socket.
[[0;32m  OK  [0m] Reached target Sockets.
[[0;32m  OK  [0m] Reached target Basic System.
[[0;32m  OK  [0m] Started Regular background program processing daemon.
[[0;32m  OK  [0m] Started Deferred execution scheduler.
[[0;32m  OK  [0m] Started D-Bus System Message Bus.
         Starting Network Name Resolution...
[[0;32m  OK  [0m] Started ACPI event daemon.
[[0;32m  OK  [0m] Started FUSE filesystem for LXC.
         Starting System Logging Service...
         Starting Snappy daemon...
         Starting LSB: Record successful boot for GRUB...
[[0;32m  OK  [0m] Started Unattended Upgrades Shutdown.
         Starting Login Service...
         Starting Accounts Service...
         Starting LXD - container startup/shutdown...
[[0;32m  OK  [0m] Started Login Service.
[[0;32m  OK  [0m] Started System Logging Service.
[[0;32m  OK  [0m] Started LSB: Record successful boot for GRUB.
         Starting Authorization Manager...
[[0;32m  OK  [0m] Started Network Name Resolution.
[[0;32m  OK  [0m] Reached target Network is Online.
         Starting iSCSI initiator daemon (iscsid)...
         Starting Apply the settings specified in cloud-config...
         Starting OpenBSD Secure Shell server...
[[0;32m  OK  [0m] Started Daily apt download activities.
[[0;32m  OK  [0m] Started Daily apt upgrade and clean activities.
[[0;32m  OK  [0m] Reached target Timers.
[[0;32m  OK  [0m] Started iSCSI initiator daemon (iscsid).
         Starting Login to default iSCSI targets...
[[0;32m  OK  [0m] Started Authorization Manager.
[[0;32m  OK  [0m] Started Accounts Service.
[[0;32m  OK  [0m] Started OpenBSD Secure Shell server.
[[0;32m  OK  [0m] Started Snappy daemon.
         Starting Auto import assertions from block devices...
[[0;32m  OK  [0m] Started Login to default iSCSI targets.
[[0;32m  OK  [0m] Reached target Remote File Systems (Pre).
[[0;32m  OK  [0m] Reached target Remote File Systems.
         Starting Permit User Sessions...
         Starting LSB: VirtualBox Linux Additions...
         Starting LSB: daemon to balance interrupts for SMP systems...
         Starting LSB: automatic crash report generation...
[[0;32m  OK  [0m] Started Auto import assertions from block devices.
[[0;32m  OK  [0m] Started Permit User Sessions.
         Starting Terminate Plymouth Boot Screen...
         Starting Hold until boot process finishes up...
[[0;32m  OK  [0m] Started Terminate Plymouth Boot Screen.
[[0;32m  OK  [0m] Started Hold until boot process finishes up.
         Starting Set console scheme...
[[0;32m  OK  [0m] Started Serial Getty on ttyS0.
[[0;32m  OK  [0m] Started Set console scheme.
[[0;32m  OK  [0m] Created slice system-getty.slice.
[[0;32m  OK  [0m] Started Getty on tty1.
[[0;32m  OK  [0m] Reached target Login Prompts.
[[0;32m  OK  [0m] Created slice User Slice of ubuntu.
         Starting User Manager for UID 1000...
[[0;32m  OK  [0m] Started Session 1 of user ubuntu.
[[0;32m  OK  [0m] Started LSB: automatic crash report generation.
[[0;32m  OK  [0m] Started LSB: daemon to balance interrupts for SMP systems.
[[0;32m  OK  [0m] Started User Manager for UID 1000.
[[0;32m  OK  [0m] Started LSB: VirtualBox Linux Additions.
[[0;32m  OK  [0m] Started LXD - container startup/shutdown.
[[0;32m  OK  [0m] Reached target Multi-User System.
[[0;32m  OK  [0m] Reached target Graphical Interface.
         Starting Update UTMP about System Runlevel Changes...
[[0;32m  OK  [0m] Started Update UTMP about System Runlevel Changes.

Ubuntu 17.04 ubuntu-zesty ttyS0

ubuntu-zesty login: [   79.733820] cloud-init[1161]: Cloud-init v. 0.7.9 running 'modules:config' at Tue, 17 Oct 2017 19:17:17 +0000. Up 76.70 seconds.
[   85.749786] cloud-init[1396]: Cloud-init v. 0.7.9 running 'modules:final' at Tue, 17 Oct 2017 19:17:24 +0000. Up 83.56 seconds.
[   85.753288] cloud-init[1396]: Cloud-init v. 0.7.9 finished at Tue, 17 Oct 2017 19:17:26 +0000. Datasource DataSourceNoCloud [seed=/dev/sdb][dsmode=net].  Up 85.69 seconds
